\BOOKMARK [0][-]{section*.1}{\376\377\000A\000b\000s\000t\000r\000a\000c\000t}{}% 1
\BOOKMARK [0][-]{section*.2}{\376\377\000A\000b\000s\000t\000r\000a\000c\000t}{}% 2
\BOOKMARK [0][-]{section*.3}{\376\377\000A\000c\000k\000n\000o\000w\000l\000e\000d\000g\000e\000m\000e\000n\000t\000s}{}% 3
\BOOKMARK [0][-]{chapter*.4}{\376\377\000C\000o\000n\000t\000e\000n\000t\000s}{}% 4
\BOOKMARK [0][-]{chapter*.5}{\376\377\000L\000i\000s\000t\000\040\000o\000f\000\040\000F\000i\000g\000u\000r\000e\000s}{}% 5
\BOOKMARK [0][-]{chapter*.6}{\376\377\000L\000i\000s\000t\000\040\000o\000f\000\040\000T\000a\000b\000l\000e\000s}{}% 6
\BOOKMARK [0][-]{chapter*.7}{\376\377\000L\000i\000s\000t\000\040\000o\000f\000\040\000A\000l\000g\000o\000r\000i\000t\000h\000m\000s}{}% 7
\BOOKMARK [0][-]{chapter*.8}{\376\377\000L\000i\000s\000t\000\040\000o\000f\000\040\000A\000b\000b\000r\000e\000v\000i\000a\000t\000i\000o\000n\000s}{}% 8
\BOOKMARK [0][-]{chapter.11}{\376\377\000I\000n\000t\000r\000o\000d\000u\000c\000t\000i\000o\000n}{}% 9
\BOOKMARK [1][-]{section.12}{\376\377\000M\000o\000t\000i\000v\000a\000t\000i\000o\000n}{chapter.11}% 10
\BOOKMARK [1][-]{section.13}{\376\377\000S\000c\000i\000e\000n\000t\000i\000f\000i\000c\000\040\000C\000o\000n\000t\000r\000i\000b\000u\000t\000i\000o\000n\000s}{chapter.11}% 11
\BOOKMARK [1][-]{section.14}{\376\377\000T\000h\000e\000s\000i\000s\000\040\000O\000u\000t\000l\000i\000n\000e}{chapter.11}% 12
\BOOKMARK [0][-]{chapter.15}{\376\377\000T\000h\000e\000o\000r\000e\000t\000i\000c\000a\000l\000\040\000B\000a\000c\000k\000g\000r\000o\000u\000n\000d}{}% 13
\BOOKMARK [1][-]{section.16}{\376\377\000S\000u\000b\000j\000e\000c\000t\000\040\000A}{chapter.15}% 14
\BOOKMARK [1][-]{section.17}{\376\377\000S\000u\000b\000j\000e\000c\000t\000\040\000B}{chapter.15}% 15
\BOOKMARK [1][-]{section.18}{\376\377\000T\000h\000e\000o\000r\000e\000t\000i\000c\000a\000l\000\040\000k\000n\000o\000w\000l\000e\000d\000g\000e\000\040\000s\000o\000u\000r\000c\000e\000s}{chapter.15}% 16
\BOOKMARK [0][-]{chapter.19}{\376\377\000R\000e\000l\000a\000t\000e\000d\000\040\000W\000o\000r\000k}{}% 17
\BOOKMARK [1][-]{section.20}{\376\377\000R\000e\000l\000a\000t\000e\000d\000\040\000w\000o\000r\000k\000\040\000A}{chapter.19}% 18
\BOOKMARK [1][-]{section.21}{\376\377\000R\000e\000l\000a\000t\000e\000d\000\040\000w\000o\000r\000k\000\040\000B}{chapter.19}% 19
\BOOKMARK [1][-]{section.22}{\376\377\000T\000h\000e\000\040\000F\000P\000G\000A\000\040\000P\000e\000r\000s\000p\000e\000c\000t\000i\000v\000e}{chapter.19}% 20
\BOOKMARK [1][-]{section.23}{\376\377\000T\000h\000e\000s\000i\000s\000\040\000A\000p\000p\000r\000o\000a\000c\000h}{chapter.19}% 21
\BOOKMARK [0][-]{chapter.24}{\376\377\000R\000o\000b\000u\000s\000t\000n\000e\000s\000s\000\040\000A\000n\000a\000l\000y\000s\000i\000s}{}% 22
\BOOKMARK [1][-]{section.25}{\376\377\000E\000x\000p\000e\000r\000i\000m\000e\000n\000t\000\040\000A}{chapter.24}% 23
\BOOKMARK [1][-]{section.26}{\376\377\000E\000x\000p\000e\000r\000i\000m\000e\000n\000t\000\040\000B}{chapter.24}% 24
\BOOKMARK [0][-]{chapter.27}{\376\377\000R\000e\000s\000u\000l\000t\000s}{}% 25
\BOOKMARK [1][-]{section.28}{\376\377\000S\000p\000e\000c\000i\000f\000i\000c\000a\000t\000i\000o\000n\000\040\000o\000f\000\040\000C\000o\000m\000p\000a\000r\000e\000d\000\040\000P\000l\000a\000t\000f\000o\000r\000m\000s}{chapter.27}% 26
\BOOKMARK [1][-]{section.29}{\376\377\000P\000o\000w\000e\000r\000\040\000C\000o\000n\000s\000u\000m\000p\000t\000i\000o\000n}{chapter.27}% 27
\BOOKMARK [1][-]{section.30}{\376\377\000E\000n\000e\000r\000g\000y\000\040\000C\000o\000n\000s\000u\000m\000p\000t\000i\000o\000n}{chapter.27}% 28
\BOOKMARK [1][-]{section.31}{\376\377\000T\000h\000r\000o\000u\000g\000h\000p\000u\000t\000\040\000a\000n\000d\000\040\000L\000a\000t\000e\000n\000c\000y\000\040\000S\000p\000e\000e\000d\000u\000p}{chapter.27}% 29
\BOOKMARK [1][-]{section.32}{\376\377\000F\000i\000n\000a\000l\000\040\000P\000e\000r\000f\000o\000r\000m\000a\000n\000c\000e}{chapter.27}% 30
\BOOKMARK [0][-]{chapter.33}{\376\377\000C\000o\000n\000c\000l\000u\000s\000i\000o\000n\000s\000\040\000a\000n\000d\000\040\000F\000u\000t\000u\000r\000e\000\040\000W\000o\000r\000k}{}% 31
\BOOKMARK [1][-]{section.34}{\376\377\000C\000o\000n\000c\000l\000u\000s\000i\000o\000n\000s}{chapter.33}% 32
\BOOKMARK [1][-]{section.35}{\376\377\000F\000u\000t\000u\000r\000e\000\040\000W\000o\000r\000k}{chapter.33}% 33
\BOOKMARK [0][-]{appendix.36}{\376\377\000F\000r\000e\000q\000u\000e\000n\000t\000l\000y\000\040\000A\000s\000k\000e\000d\000\040\000Q\000u\000e\000s\000t\000i\000o\000n\000s}{}% 34
\BOOKMARK [1][-]{section.37}{\376\377\000H\000o\000w\000\040\000d\000o\000\040\000I\000\040\000c\000h\000a\000n\000g\000e\000\040\000t\000h\000e\000\040\000c\000o\000l\000o\000r\000s\000\040\000o\000f\000\040\000l\000i\000n\000k\000s\000?}{appendix.36}% 35
